[debug] [2024-02-03T08:27:16.952Z] ----------------------------------------------------------------------
[debug] [2024-02-03T08:27:16.955Z] Command:       C:\Program Files\nodejs\node.exe C:\Users\HP1447573\AppData\Roaming\npm\node_modules\firebase-tools\lib\bin\firebase.js init hosting
[debug] [2024-02-03T08:27:16.955Z] CLI Version:   13.1.0
[debug] [2024-02-03T08:27:16.955Z] Platform:      win32
[debug] [2024-02-03T08:27:16.955Z] Node Version:  v20.11.0
[debug] [2024-02-03T08:27:16.955Z] Time:          Sat Feb 03 2024 11:27:16 GMT+0300 (Москва, стандартное время)
[debug] [2024-02-03T08:27:16.955Z] ----------------------------------------------------------------------
[debug] 
[debug] [2024-02-03T08:27:16.960Z] > command requires scopes: ["email","openid","https://www.googleapis.com/auth/cloudplatformprojects.readonly","https://www.googleapis.com/auth/firebase","https://www.googleapis.com/auth/cloud-platform"]
[debug] [2024-02-03T08:27:16.960Z] > authorizing via signed-in user (alexkazimirov4@gmail.com)
[info] 
     ######## #### ########  ######## ########     ###     ######  ########
     ##        ##  ##     ## ##       ##     ##  ##   ##  ##       ##
     ######    ##  ########  ######   ########  #########  ######  ######
     ##        ##  ##    ##  ##       ##     ## ##     ##       ## ##
     ##       #### ##     ## ######## ########  ##     ##  ######  ########

You're about to initialize a Firebase project in this directory:

  C:\WebDesign\Trainee\SyberryHackathon\sybberyhackaton

Before we get started, keep in mind:

  * You are currently outside your home directory

[info] 
=== Project Setup
[info] 
[info] First, let's associate this project directory with a Firebase project.
[info] You can create multiple project aliases by running firebase use --add, 
[info] but for now we'll just set up a default project.
[info] 
[debug] [2024-02-03T08:27:29.332Z] >>> [apiv2][query] GET https://firebase.googleapis.com/v1beta1/availableProjects pageSize=100
[debug] [2024-02-03T08:27:29.841Z] <<< [apiv2][status] GET https://firebase.googleapis.com/v1beta1/availableProjects 200
[debug] [2024-02-03T08:27:29.841Z] <<< [apiv2][body] GET https://firebase.googleapis.com/v1beta1/availableProjects [omitted]
[debug] [2024-02-03T08:29:13.103Z] >>> [apiv2][query] POST https://firebase.googleapis.com/v1beta1/projects/my-project-alex-268715:addFirebase [none]
[debug] [2024-02-03T08:29:13.576Z] <<< [apiv2][status] POST https://firebase.googleapis.com/v1beta1/projects/my-project-alex-268715:addFirebase 403
[debug] [2024-02-03T08:29:13.577Z] <<< [apiv2][body] POST https://firebase.googleapis.com/v1beta1/projects/my-project-alex-268715:addFirebase {"error":{"code":403,"message":"The caller does not have permission","status":"PERMISSION_DENIED"}}
[debug] [2024-02-03T08:29:13.578Z] HTTP Error: 403, The caller does not have permission
[debug] [2024-02-03T08:29:13.712Z] FirebaseError: HTTP Error: 403, The caller does not have permission
    at responseToError (C:\Users\HP1447573\AppData\Roaming\npm\node_modules\firebase-tools\lib\responseToError.js:49:12)
    at RetryOperation._fn (C:\Users\HP1447573\AppData\Roaming\npm\node_modules\firebase-tools\lib\apiv2.js:292:77)
    at process.processTicksAndRejections (node:internal/process/task_queues:95:5)
[error] 
[error] Error: Failed to add Firebase to Google Cloud Platform project. See firebase-debug.log for more info.
